<?xml version="1.0" encoding="UTF-8"?>
<!-- Generated by org.testng.reporters.JUnitReportReporter -->
<testsuite skipped="0" hostname="DESKTOP-8QDPD46" name="runners.TestRunner" tests="1" failures="0" timestamp="2022-05-18T17:59:06 CEST" time="20.063" errors="0">
  <testcase name="runScenario" time="20.063" classname="runners.TestRunner"/>
  <system-out/>
</testsuite> <!-- runners.TestRunner -->
